[EL Info]: 2016-06-07 22:02:48.918--ServerSession(1649847375)--EclipseLink, version: Eclipse Persistence Services - 2.6.3.v20160428-59c81c5
[EL Warning]: metadata: 2016-06-07 22:02:49.116--ServerSession(1649847375)--Reverting the lazy setting on the OneToOne or ManyToOne attribute [userData] for the entity class [class jpa.model.SessionUpload] since weaving was not enabled or did not occur.
[EL Warning]: metadata: 2016-06-07 22:02:49.117--ServerSession(1649847375)--Reverting the lazy setting on the OneToOne or ManyToOne attribute [messageInbox] for the entity class [class jpa.model.message.MessageUnsubComment] since weaving was not enabled or did not occur.
[EL Warning]: metadata: 2016-06-07 22:02:49.117--ServerSession(1649847375)--Reverting the lazy setting on the OneToOne or ManyToOne attribute [senderData] for the entity class [class jpa.model.UserData] since weaving was not enabled or did not occur.
[EL Warning]: metadata: 2016-06-07 22:02:49.117--ServerSession(1649847375)--Reverting the lazy setting on the OneToOne or ManyToOne attribute [emailAddr] for the entity class [class jpa.model.UserData] since weaving was not enabled or did not occur.
[EL Warning]: metadata: 2016-06-07 22:02:49.118--ServerSession(1649847375)--Reverting the lazy setting on the OneToOne or ManyToOne attribute [ruleDataType] for the entity class [class jpa.model.rule.RuleActionDetail] since weaving was not enabled or did not occur.
[EL Warning]: metadata: 2016-06-07 22:02:49.118--ServerSession(1649847375)--Reverting the lazy setting on the OneToOne or ManyToOne attribute [messageInbox] for the entity class [class jpa.model.message.MessageStream] since weaving was not enabled or did not occur.
[EL Warning]: metadata: 2016-06-07 22:02:49.119--ServerSession(1649847375)--Reverting the lazy setting on the OneToOne or ManyToOne attribute [messageStream] for the entity class [class jpa.model.message.MessageInbox] since weaving was not enabled or did not occur.
[EL Warning]: metadata: 2016-06-07 22:02:49.119--ServerSession(1649847375)--Reverting the lazy setting on the OneToOne or ManyToOne attribute [messageUnsubComment] for the entity class [class jpa.model.message.MessageInbox] since weaving was not enabled or did not occur.
[EL Warning]: metadata: 2016-06-07 22:02:49.119--ServerSession(1649847375)--Reverting the lazy setting on the OneToOne or ManyToOne attribute [senderData] for the entity class [class jpa.model.EmailTemplate] since weaving was not enabled or did not occur.
[EL Warning]: metadata: 2016-06-07 22:02:49.119--ServerSession(1649847375)--Reverting the lazy setting on the OneToOne or ManyToOne attribute [mailingList] for the entity class [class jpa.model.EmailTemplate] since weaving was not enabled or did not occur.
[EL Warning]: metadata: 2016-06-07 22:02:49.12--ServerSession(1649847375)--Reverting the lazy setting on the OneToOne or ManyToOne attribute [emailAddress] for the entity class [class jpa.model.BroadcastTracking] since weaving was not enabled or did not occur.
[EL Warning]: metadata: 2016-06-07 22:02:49.12--ServerSession(1649847375)--Reverting the lazy setting on the OneToOne or ManyToOne attribute [broadcastMessage] for the entity class [class jpa.model.BroadcastTracking] since weaving was not enabled or did not occur.
[EL Warning]: metadata: 2016-06-07 22:02:49.12--ServerSession(1649847375)--Reverting the lazy setting on the OneToOne or ManyToOne attribute [idTokens] for the entity class [class jpa.model.SenderData] since weaving was not enabled or did not occur.
[EL Warning]: metadata: 2016-06-07 22:02:49.121--ServerSession(1649847375)--Reverting the lazy setting on the OneToOne or ManyToOne attribute [templateData] for the entity class [class jpa.model.message.MessageSource] since weaving was not enabled or did not occur.
[EL Warning]: metadata: 2016-06-07 22:02:49.121--ServerSession(1649847375)--Reverting the lazy setting on the OneToOne or ManyToOne attribute [replyToAddress] for the entity class [class jpa.model.message.MessageSource] since weaving was not enabled or did not occur.
[EL Warning]: metadata: 2016-06-07 22:02:49.121--ServerSession(1649847375)--Reverting the lazy setting on the OneToOne or ManyToOne attribute [fromAddress] for the entity class [class jpa.model.message.MessageSource] since weaving was not enabled or did not occur.
[EL Warning]: metadata: 2016-06-07 22:02:49.121--ServerSession(1649847375)--Reverting the lazy setting on the OneToOne or ManyToOne attribute [messageInbox] for the entity class [class jpa.model.message.MessageAddress] since weaving was not enabled or did not occur.
[EL Warning]: metadata: 2016-06-07 22:02:49.121--ServerSession(1649847375)--Reverting the lazy setting on the OneToOne or ManyToOne attribute [userData] for the entity class [class jpa.model.EmailAddress] since weaving was not enabled or did not occur.
[EL Warning]: metadata: 2016-06-07 22:02:49.122--ServerSession(1649847375)--Reverting the lazy setting on the OneToOne or ManyToOne attribute [subscriberData] for the entity class [class jpa.model.EmailAddress] since weaving was not enabled or did not occur.
[EL Warning]: metadata: 2016-06-07 22:02:49.122--ServerSession(1649847375)--Reverting the lazy setting on the OneToOne or ManyToOne attribute [emailAddress] for the entity class [class jpa.model.UnsubComment] since weaving was not enabled or did not occur.
[EL Warning]: metadata: 2016-06-07 22:02:49.122--ServerSession(1649847375)--Reverting the lazy setting on the OneToOne or ManyToOne attribute [mailingList] for the entity class [class jpa.model.UnsubComment] since weaving was not enabled or did not occur.
[EL Warning]: metadata: 2016-06-07 22:02:49.122--ServerSession(1649847375)--Reverting the lazy setting on the OneToOne or ManyToOne attribute [senderData] for the entity class [class jpa.model.SubscriberData] since weaving was not enabled or did not occur.
[EL Warning]: metadata: 2016-06-07 22:02:49.123--ServerSession(1649847375)--Reverting the lazy setting on the OneToOne or ManyToOne attribute [emailAddr] for the entity class [class jpa.model.SubscriberData] since weaving was not enabled or did not occur.
[EL Warning]: metadata: 2016-06-07 22:02:49.123--ServerSession(1649847375)--Reverting the lazy setting on the OneToOne or ManyToOne attribute [senderData] for the entity class [class jpa.model.IdTokens] since weaving was not enabled or did not occur.
[EL Warning]: metadata: 2016-06-07 22:02:49.123--ServerSession(1649847375)--Reverting the lazy setting on the OneToOne or ManyToOne attribute [emailAddr] for the entity class [class jpa.model.Subscription] since weaving was not enabled or did not occur.
[EL Warning]: metadata: 2016-06-07 22:02:49.123--ServerSession(1649847375)--Reverting the lazy setting on the OneToOne or ManyToOne attribute [mailingList] for the entity class [class jpa.model.Subscription] since weaving was not enabled or did not occur.
[EL Warning]: metadata: 2016-06-07 22:02:49.123--ServerSession(1649847375)--Reverting the lazy setting on the OneToOne or ManyToOne attribute [userData] for the entity class [class jpa.model.UserSession] since weaving was not enabled or did not occur.
[EL Warning]: metadata: 2016-06-07 22:02:49.124--ServerSession(1649847375)--Reverting the lazy setting on the OneToOne or ManyToOne attribute [emailTemplate] for the entity class [class jpa.model.BroadcastMessage] since weaving was not enabled or did not occur.
[EL Warning]: metadata: 2016-06-07 22:02:49.124--ServerSession(1649847375)--Reverting the lazy setting on the OneToOne or ManyToOne attribute [mailingList] for the entity class [class jpa.model.BroadcastMessage] since weaving was not enabled or did not occur.
[EL Warning]: metadata: 2016-06-07 22:02:49.132--ServerSession(1649847375)--Reverting the lazy setting on the OneToOne or ManyToOne attribute [senderData] for the entity class [class jpa.model.rule.RuleActionPK] since weaving was not enabled or did not occur.
[EL Warning]: metadata: 2016-06-07 22:02:49.132--ServerSession(1649847375)--Reverting the lazy setting on the OneToOne or ManyToOne attribute [ruleLogic] for the entity class [class jpa.model.rule.RuleActionPK] since weaving was not enabled or did not occur.
[EL Warning]: metadata: 2016-06-07 22:02:49.133--ServerSession(1649847375)--Reverting the lazy setting on the OneToOne or ManyToOne attribute [messageInbox] for the entity class [class jpa.model.message.MessageAttachmentPK] since weaving was not enabled or did not occur.
[EL Warning]: metadata: 2016-06-07 22:02:49.134--ServerSession(1649847375)--Reverting the lazy setting on the OneToOne or ManyToOne attribute [messageInbox] for the entity class [class jpa.model.message.MessageDeliveryStatusPK] since weaving was not enabled or did not occur.
[EL Warning]: metadata: 2016-06-07 22:02:49.134--ServerSession(1649847375)--Reverting the lazy setting on the OneToOne or ManyToOne attribute [messageRendered] for the entity class [class jpa.model.message.RenderAttachmentPK] since weaving was not enabled or did not occur.
[EL Warning]: metadata: 2016-06-07 22:02:49.136--ServerSession(1649847375)--Reverting the lazy setting on the OneToOne or ManyToOne attribute [messageRendered] for the entity class [class jpa.model.message.RenderVariablePK] since weaving was not enabled or did not occur.
[EL Warning]: metadata: 2016-06-07 22:02:49.137--ServerSession(1649847375)--Reverting the lazy setting on the OneToOne or ManyToOne attribute [senderData] for the entity class [class jpa.model.message.TemplateDataPK] since weaving was not enabled or did not occur.
[EL Warning]: metadata: 2016-06-07 22:02:49.137--ServerSession(1649847375)--Reverting the lazy setting on the OneToOne or ManyToOne attribute [senderData] for the entity class [class jpa.model.SenderVariablePK] since weaving was not enabled or did not occur.
[EL Warning]: metadata: 2016-06-07 22:02:49.138--ServerSession(1649847375)--Reverting the lazy setting on the OneToOne or ManyToOne attribute [messageInbox] for the entity class [class jpa.model.message.MessageActionLogPK] since weaving was not enabled or did not occur.
[EL Warning]: metadata: 2016-06-07 22:02:49.138--ServerSession(1649847375)--Reverting the lazy setting on the OneToOne or ManyToOne attribute [messageInbox] for the entity class [class jpa.model.message.MessageHeaderPK] since weaving was not enabled or did not occur.
[EL Warning]: metadata: 2016-06-07 22:02:49.139--ServerSession(1649847375)--Reverting the lazy setting on the OneToOne or ManyToOne attribute [ruleLogic] for the entity class [class jpa.model.rule.RuleElementPK] since weaving was not enabled or did not occur.
[EL Warning]: metadata: 2016-06-07 22:02:49.14--ServerSession(1649847375)--Reverting the lazy setting on the OneToOne or ManyToOne attribute [ruleLogic] for the entity class [class jpa.model.rule.RuleSubruleMapPK] since weaving was not enabled or did not occur.
[EL Warning]: metadata: 2016-06-07 22:02:49.14--ServerSession(1649847375)--Reverting the lazy setting on the OneToOne or ManyToOne attribute [subruleLogic] for the entity class [class jpa.model.rule.RuleSubruleMapPK] since weaving was not enabled or did not occur.
[EL Warning]: metadata: 2016-06-07 22:02:49.146--ServerSession(1649847375)--Reverting the lazy setting on the OneToOne or ManyToOne attribute [messageInbox] for the entity class [class jpa.model.message.MessageRfcFieldPK] since weaving was not enabled or did not occur.
[EL Warning]: metadata: 2016-06-07 22:02:49.147--ServerSession(1649847375)--Reverting the lazy setting on the OneToOne or ManyToOne attribute [ruleDataType] for the entity class [class jpa.model.rule.RuleDataValuePK] since weaving was not enabled or did not occur.
[EL Warning]: metadata: 2016-06-07 22:02:49.147--ServerSession(1649847375)--Reverting the lazy setting on the OneToOne or ManyToOne attribute [senderData] for the entity class [class jpa.model.message.TemplateVariablePK] since weaving was not enabled or did not occur.
[EL Info]: connection: 2016-06-07 22:02:49.158--ServerSession(1649847375)--/file:/D:/pkgs_as71/git/jboss_migration/MessageStore/target/classes_MessageDB login successful
[EL Fine]: sql: 2016-06-07 22:02:50.675--ClientSession(47719432)--Connection(1055300312)--INSERT INTO email_address (ADDRESS, BOUNCECOUNT, ISACCEPTHTML, LASTBOUNCETIME, LASTRCPTTIME, LASTSENTTIME, ORIGADDRESS, STATUSCHANGETIME, STATUSCHANGEUSERID, StatusId, UpdtTime, UpdtUserId) VALUES (?, ?, ?, ?, ?, ?, ?, ?, ?, ?, ?, ?)
	bind => [12 parameters bound]
[EL Fine]: sql: 2016-06-07 22:02:50.678--ClientSession(47719432)--Connection(1055300312)--SELECT LAST_INSERT_ID()
[EL Fine]: sql: 2016-06-07 22:02:50.685--ClientSession(47719432)--Connection(1055300312)--UPDATE email_address SET LASTRCPTTIME = CURRENT_TIMESTAMP WHERE (Row_Id = ?)
	bind => [1 parameter bound]
[EL Fine]: sql: 2016-06-07 22:02:51.204--ClientSession(47719432)--Connection(1055300312)--select t.* from Email_Address t where t.address REGEXP '@test.com$' 
[EL Fine]: sql: 2016-06-07 22:02:51.207--ClientSession(47719432)--Connection(1055300312)--SELECT Row_Id, ALIAS, BIRTHDATE, CITYNAME, COUNTRY, DAYPHONE, ENDDATE, EVENINGPHONE, FIRSTNAME, LASTNAME, MEMOTEXT, MIDDLENAME, MOBILECARRIER, MOBILEPHONE, MSGDETAIL, MSGFOOTER, MSGHEADER, MSGOPTIONAL, PASSWORDCHANGETIME, POSTALCODE, PROFESSION, PROVINCENAME, SECURITYANSWER, SECURITYQUESTION, SSNNUMBER, STARTDATE, STATECODE, StatusId, STREETADDRESS, STREETADDRESS2, SUBSCRIBERID, TAXID, TIMEZONE, UpdtTime, UpdtUserId, USERPASSWORD, ZIPCODE4, ZIPCODE5, SenderDataRowId, EmailAddrRowId FROM subscriber_data WHERE (EmailAddrRowId = ?)
	bind => [1 parameter bound]
[EL Fine]: sql: 2016-06-07 22:02:51.208--ClientSession(47719432)--Connection(1055300312)--SELECT Row_Id, CHARSPHNDLREMAIL, CONTACTNAME, CONTACTPHONE, DOMAINNAME, IRSTAXID, ISDIKM, ISDOMAINKEY, ISEMBEDEMAILID, ISSAVERAWMSG, ISSPF, ISUSETESTADDR, ISVERPENABLED, KEYFILEPATH, RETURNPATHLEFT, RMADEPTEMAIL, SECURITYEMAIL, SenderId, SENDERNAME, SENDERTYPE, SPAMCNTRLEMAIL, StatusId, SUBRCAREEMAIL, SYSTEMID, SYSTEMKEY, TESTFROMADDR, TESTREPLYTOADDR, TESTTOADDR, UpdtTime, UpdtUserId, VERPINBOXNAME, VERPREMOVEINBOX, VERPSUBDOMAIN, VIRUSCNTRLEMAIL, WEBSITEURL FROM sender_data WHERE (Row_Id = ?)
	bind => [1 parameter bound]
[EL Fine]: sql: 2016-06-07 22:02:51.209--ClientSession(47719432)--Connection(1055300312)--SELECT Row_Id, BODYBEGINTOKEN, BODYENDTOKEN, DESCRIPTION, MAXLENGTH, StatusId, UpdtTime, UpdtUserId, XHDRBEGINTOKEN, XHDRENDTOKEN, XHEADERNAME, SenderDataRowId FROM id_tokens WHERE (SenderDataRowId = ?)
	bind => [1 parameter bound]
[EL Fine]: sql: 2016-06-07 22:02:51.212--ClientSession(47719432)--Connection(1055300312)--SELECT Row_Id, CREATETIME, DEFAULTRULENAME, FIRSTNAME, HITS, LASTNAME, LASTVISITTIME, MIDDLEINIT, PASSWORD, ROLE, SESSIONID, StatusId, UpdtTime, UpdtUserId, USERID, SenderDataRowId, EmailAddrRowId FROM user_data WHERE (EmailAddrRowId = ?)
	bind => [1 parameter bound]
[EL Fine]: sql: 2016-06-07 22:02:51.213--ClientSession(47719432)--Connection(1055300312)--SELECT Row_Id, ALIAS, BIRTHDATE, CITYNAME, COUNTRY, DAYPHONE, ENDDATE, EVENINGPHONE, FIRSTNAME, LASTNAME, MEMOTEXT, MIDDLENAME, MOBILECARRIER, MOBILEPHONE, MSGDETAIL, MSGFOOTER, MSGHEADER, MSGOPTIONAL, PASSWORDCHANGETIME, POSTALCODE, PROFESSION, PROVINCENAME, SECURITYANSWER, SECURITYQUESTION, SSNNUMBER, STARTDATE, STATECODE, StatusId, STREETADDRESS, STREETADDRESS2, SUBSCRIBERID, TAXID, TIMEZONE, UpdtTime, UpdtUserId, USERPASSWORD, ZIPCODE4, ZIPCODE5, SenderDataRowId, EmailAddrRowId FROM subscriber_data WHERE (EmailAddrRowId = ?)
	bind => [1 parameter bound]
[EL Fine]: sql: 2016-06-07 22:02:51.213--ClientSession(47719432)--Connection(1055300312)--SELECT Row_Id, CREATETIME, DEFAULTRULENAME, FIRSTNAME, HITS, LASTNAME, LASTVISITTIME, MIDDLEINIT, PASSWORD, ROLE, SESSIONID, StatusId, UpdtTime, UpdtUserId, USERID, SenderDataRowId, EmailAddrRowId FROM user_data WHERE (EmailAddrRowId = ?)
	bind => [1 parameter bound]
[EL Fine]: sql: 2016-06-07 22:02:51.214--ClientSession(47719432)--Connection(1055300312)--SELECT Row_Id, ALIAS, BIRTHDATE, CITYNAME, COUNTRY, DAYPHONE, ENDDATE, EVENINGPHONE, FIRSTNAME, LASTNAME, MEMOTEXT, MIDDLENAME, MOBILECARRIER, MOBILEPHONE, MSGDETAIL, MSGFOOTER, MSGHEADER, MSGOPTIONAL, PASSWORDCHANGETIME, POSTALCODE, PROFESSION, PROVINCENAME, SECURITYANSWER, SECURITYQUESTION, SSNNUMBER, STARTDATE, STATECODE, StatusId, STREETADDRESS, STREETADDRESS2, SUBSCRIBERID, TAXID, TIMEZONE, UpdtTime, UpdtUserId, USERPASSWORD, ZIPCODE4, ZIPCODE5, SenderDataRowId, EmailAddrRowId FROM subscriber_data WHERE (EmailAddrRowId = ?)
	bind => [1 parameter bound]
[EL Fine]: sql: 2016-06-07 22:02:51.214--ClientSession(47719432)--Connection(1055300312)--SELECT Row_Id, CREATETIME, DEFAULTRULENAME, FIRSTNAME, HITS, LASTNAME, LASTVISITTIME, MIDDLEINIT, PASSWORD, ROLE, SESSIONID, StatusId, UpdtTime, UpdtUserId, USERID, SenderDataRowId, EmailAddrRowId FROM user_data WHERE (EmailAddrRowId = ?)
	bind => [1 parameter bound]
[EL Fine]: sql: 2016-06-07 22:02:51.215--ClientSession(47719432)--Connection(1055300312)--SELECT Row_Id, ALIAS, BIRTHDATE, CITYNAME, COUNTRY, DAYPHONE, ENDDATE, EVENINGPHONE, FIRSTNAME, LASTNAME, MEMOTEXT, MIDDLENAME, MOBILECARRIER, MOBILEPHONE, MSGDETAIL, MSGFOOTER, MSGHEADER, MSGOPTIONAL, PASSWORDCHANGETIME, POSTALCODE, PROFESSION, PROVINCENAME, SECURITYANSWER, SECURITYQUESTION, SSNNUMBER, STARTDATE, STATECODE, StatusId, STREETADDRESS, STREETADDRESS2, SUBSCRIBERID, TAXID, TIMEZONE, UpdtTime, UpdtUserId, USERPASSWORD, ZIPCODE4, ZIPCODE5, SenderDataRowId, EmailAddrRowId FROM subscriber_data WHERE (EmailAddrRowId = ?)
	bind => [1 parameter bound]
[EL Fine]: sql: 2016-06-07 22:02:51.215--ClientSession(47719432)--Connection(1055300312)--SELECT Row_Id, CREATETIME, DEFAULTRULENAME, FIRSTNAME, HITS, LASTNAME, LASTVISITTIME, MIDDLEINIT, PASSWORD, ROLE, SESSIONID, StatusId, UpdtTime, UpdtUserId, USERID, SenderDataRowId, EmailAddrRowId FROM user_data WHERE (EmailAddrRowId = ?)
	bind => [1 parameter bound]
[EL Fine]: sql: 2016-06-07 22:02:51.216--ClientSession(47719432)--Connection(1055300312)--SELECT Row_Id, ALIAS, BIRTHDATE, CITYNAME, COUNTRY, DAYPHONE, ENDDATE, EVENINGPHONE, FIRSTNAME, LASTNAME, MEMOTEXT, MIDDLENAME, MOBILECARRIER, MOBILEPHONE, MSGDETAIL, MSGFOOTER, MSGHEADER, MSGOPTIONAL, PASSWORDCHANGETIME, POSTALCODE, PROFESSION, PROVINCENAME, SECURITYANSWER, SECURITYQUESTION, SSNNUMBER, STARTDATE, STATECODE, StatusId, STREETADDRESS, STREETADDRESS2, SUBSCRIBERID, TAXID, TIMEZONE, UpdtTime, UpdtUserId, USERPASSWORD, ZIPCODE4, ZIPCODE5, SenderDataRowId, EmailAddrRowId FROM subscriber_data WHERE (EmailAddrRowId = ?)
	bind => [1 parameter bound]
[EL Fine]: sql: 2016-06-07 22:02:51.216--ClientSession(47719432)--Connection(1055300312)--SELECT Row_Id, CREATETIME, DEFAULTRULENAME, FIRSTNAME, HITS, LASTNAME, LASTVISITTIME, MIDDLEINIT, PASSWORD, ROLE, SESSIONID, StatusId, UpdtTime, UpdtUserId, USERID, SenderDataRowId, EmailAddrRowId FROM user_data WHERE (EmailAddrRowId = ?)
	bind => [1 parameter bound]
[EL Fine]: sql: 2016-06-07 22:02:51.217--ClientSession(47719432)--Connection(1055300312)--SELECT Row_Id, ALIAS, BIRTHDATE, CITYNAME, COUNTRY, DAYPHONE, ENDDATE, EVENINGPHONE, FIRSTNAME, LASTNAME, MEMOTEXT, MIDDLENAME, MOBILECARRIER, MOBILEPHONE, MSGDETAIL, MSGFOOTER, MSGHEADER, MSGOPTIONAL, PASSWORDCHANGETIME, POSTALCODE, PROFESSION, PROVINCENAME, SECURITYANSWER, SECURITYQUESTION, SSNNUMBER, STARTDATE, STATECODE, StatusId, STREETADDRESS, STREETADDRESS2, SUBSCRIBERID, TAXID, TIMEZONE, UpdtTime, UpdtUserId, USERPASSWORD, ZIPCODE4, ZIPCODE5, SenderDataRowId, EmailAddrRowId FROM subscriber_data WHERE (EmailAddrRowId = ?)
	bind => [1 parameter bound]
[EL Fine]: sql: 2016-06-07 22:02:51.217--ClientSession(47719432)--Connection(1055300312)--SELECT Row_Id, CREATETIME, DEFAULTRULENAME, FIRSTNAME, HITS, LASTNAME, LASTVISITTIME, MIDDLEINIT, PASSWORD, ROLE, SESSIONID, StatusId, UpdtTime, UpdtUserId, USERID, SenderDataRowId, EmailAddrRowId FROM user_data WHERE (EmailAddrRowId = ?)
	bind => [1 parameter bound]
[EL Fine]: sql: 2016-06-07 22:02:51.218--ClientSession(47719432)--Connection(1055300312)--UPDATE email_address SET ISACCEPTHTML = ? WHERE (Row_Id = ?)
	bind => [2 parameters bound]
[EL Fine]: sql: 2016-06-07 22:02:51.22--ClientSession(47719432)--Connection(1055300312)--SELECT Row_Id, ADDRESS, BOUNCECOUNT, ISACCEPTHTML, LASTBOUNCETIME, LASTRCPTTIME, LASTSENTTIME, ORIGADDRESS, STATUSCHANGETIME, STATUSCHANGEUSERID, StatusId, UpdtTime, UpdtUserId FROM email_address WHERE (Row_Id = ?)
	bind => [1 parameter bound]
[EL Fine]: sql: 2016-06-07 22:02:51.221--ClientSession(47719432)--Connection(1055300312)--SELECT Row_Id, ALIAS, BIRTHDATE, CITYNAME, COUNTRY, DAYPHONE, ENDDATE, EVENINGPHONE, FIRSTNAME, LASTNAME, MEMOTEXT, MIDDLENAME, MOBILECARRIER, MOBILEPHONE, MSGDETAIL, MSGFOOTER, MSGHEADER, MSGOPTIONAL, PASSWORDCHANGETIME, POSTALCODE, PROFESSION, PROVINCENAME, SECURITYANSWER, SECURITYQUESTION, SSNNUMBER, STARTDATE, STATECODE, StatusId, STREETADDRESS, STREETADDRESS2, SUBSCRIBERID, TAXID, TIMEZONE, UpdtTime, UpdtUserId, USERPASSWORD, ZIPCODE4, ZIPCODE5, SenderDataRowId, EmailAddrRowId FROM subscriber_data WHERE (EmailAddrRowId = ?)
	bind => [1 parameter bound]
[EL Fine]: sql: 2016-06-07 22:02:51.222--ClientSession(47719432)--Connection(1055300312)--SELECT Row_Id, CHARSPHNDLREMAIL, CONTACTNAME, CONTACTPHONE, DOMAINNAME, IRSTAXID, ISDIKM, ISDOMAINKEY, ISEMBEDEMAILID, ISSAVERAWMSG, ISSPF, ISUSETESTADDR, ISVERPENABLED, KEYFILEPATH, RETURNPATHLEFT, RMADEPTEMAIL, SECURITYEMAIL, SenderId, SENDERNAME, SENDERTYPE, SPAMCNTRLEMAIL, StatusId, SUBRCAREEMAIL, SYSTEMID, SYSTEMKEY, TESTFROMADDR, TESTREPLYTOADDR, TESTTOADDR, UpdtTime, UpdtUserId, VERPINBOXNAME, VERPREMOVEINBOX, VERPSUBDOMAIN, VIRUSCNTRLEMAIL, WEBSITEURL FROM sender_data WHERE (Row_Id = ?)
	bind => [1 parameter bound]
[EL Fine]: sql: 2016-06-07 22:02:51.223--ClientSession(47719432)--Connection(1055300312)--SELECT Row_Id, BODYBEGINTOKEN, BODYENDTOKEN, DESCRIPTION, MAXLENGTH, StatusId, UpdtTime, UpdtUserId, XHDRBEGINTOKEN, XHDRENDTOKEN, XHEADERNAME, SenderDataRowId FROM id_tokens WHERE (SenderDataRowId = ?)
	bind => [1 parameter bound]
[EL Fine]: sql: 2016-06-07 22:02:51.223--ClientSession(47719432)--Connection(1055300312)--SELECT Row_Id, CREATETIME, DEFAULTRULENAME, FIRSTNAME, HITS, LASTNAME, LASTVISITTIME, MIDDLEINIT, PASSWORD, ROLE, SESSIONID, StatusId, UpdtTime, UpdtUserId, USERID, SenderDataRowId, EmailAddrRowId FROM user_data WHERE (EmailAddrRowId = ?)
	bind => [1 parameter bound]
[EL Fine]: sql: 2016-06-07 22:02:51.229--ClientSession(47719432)--Connection(1055300312)--select t.* from Email_Address t where t.address REGEXP 'test.com$' 
[EL Fine]: sql: 2016-06-07 22:02:51.23--ClientSession(47719432)--Connection(1055300312)--SELECT Row_Id, ALIAS, BIRTHDATE, CITYNAME, COUNTRY, DAYPHONE, ENDDATE, EVENINGPHONE, FIRSTNAME, LASTNAME, MEMOTEXT, MIDDLENAME, MOBILECARRIER, MOBILEPHONE, MSGDETAIL, MSGFOOTER, MSGHEADER, MSGOPTIONAL, PASSWORDCHANGETIME, POSTALCODE, PROFESSION, PROVINCENAME, SECURITYANSWER, SECURITYQUESTION, SSNNUMBER, STARTDATE, STATECODE, StatusId, STREETADDRESS, STREETADDRESS2, SUBSCRIBERID, TAXID, TIMEZONE, UpdtTime, UpdtUserId, USERPASSWORD, ZIPCODE4, ZIPCODE5, SenderDataRowId, EmailAddrRowId FROM subscriber_data WHERE (EmailAddrRowId = ?)
	bind => [1 parameter bound]
[EL Fine]: sql: 2016-06-07 22:02:51.231--ClientSession(47719432)--Connection(1055300312)--SELECT Row_Id, CREATETIME, DEFAULTRULENAME, FIRSTNAME, HITS, LASTNAME, LASTVISITTIME, MIDDLEINIT, PASSWORD, ROLE, SESSIONID, StatusId, UpdtTime, UpdtUserId, USERID, SenderDataRowId, EmailAddrRowId FROM user_data WHERE (EmailAddrRowId = ?)
	bind => [1 parameter bound]
[EL Fine]: sql: 2016-06-07 22:02:51.232--ClientSession(47719432)--Connection(1055300312)--SELECT Row_Id, ALIAS, BIRTHDATE, CITYNAME, COUNTRY, DAYPHONE, ENDDATE, EVENINGPHONE, FIRSTNAME, LASTNAME, MEMOTEXT, MIDDLENAME, MOBILECARRIER, MOBILEPHONE, MSGDETAIL, MSGFOOTER, MSGHEADER, MSGOPTIONAL, PASSWORDCHANGETIME, POSTALCODE, PROFESSION, PROVINCENAME, SECURITYANSWER, SECURITYQUESTION, SSNNUMBER, STARTDATE, STATECODE, StatusId, STREETADDRESS, STREETADDRESS2, SUBSCRIBERID, TAXID, TIMEZONE, UpdtTime, UpdtUserId, USERPASSWORD, ZIPCODE4, ZIPCODE5, SenderDataRowId, EmailAddrRowId FROM subscriber_data WHERE (EmailAddrRowId = ?)
	bind => [1 parameter bound]
[EL Fine]: sql: 2016-06-07 22:02:51.232--ClientSession(47719432)--Connection(1055300312)--SELECT Row_Id, CREATETIME, DEFAULTRULENAME, FIRSTNAME, HITS, LASTNAME, LASTVISITTIME, MIDDLEINIT, PASSWORD, ROLE, SESSIONID, StatusId, UpdtTime, UpdtUserId, USERID, SenderDataRowId, EmailAddrRowId FROM user_data WHERE (EmailAddrRowId = ?)
	bind => [1 parameter bound]
[EL Fine]: sql: 2016-06-07 22:02:51.233--ClientSession(47719432)--Connection(1055300312)--SELECT Row_Id, ALIAS, BIRTHDATE, CITYNAME, COUNTRY, DAYPHONE, ENDDATE, EVENINGPHONE, FIRSTNAME, LASTNAME, MEMOTEXT, MIDDLENAME, MOBILECARRIER, MOBILEPHONE, MSGDETAIL, MSGFOOTER, MSGHEADER, MSGOPTIONAL, PASSWORDCHANGETIME, POSTALCODE, PROFESSION, PROVINCENAME, SECURITYANSWER, SECURITYQUESTION, SSNNUMBER, STARTDATE, STATECODE, StatusId, STREETADDRESS, STREETADDRESS2, SUBSCRIBERID, TAXID, TIMEZONE, UpdtTime, UpdtUserId, USERPASSWORD, ZIPCODE4, ZIPCODE5, SenderDataRowId, EmailAddrRowId FROM subscriber_data WHERE (EmailAddrRowId = ?)
	bind => [1 parameter bound]
[EL Fine]: sql: 2016-06-07 22:02:51.233--ClientSession(47719432)--Connection(1055300312)--SELECT Row_Id, CREATETIME, DEFAULTRULENAME, FIRSTNAME, HITS, LASTNAME, LASTVISITTIME, MIDDLEINIT, PASSWORD, ROLE, SESSIONID, StatusId, UpdtTime, UpdtUserId, USERID, SenderDataRowId, EmailAddrRowId FROM user_data WHERE (EmailAddrRowId = ?)
	bind => [1 parameter bound]
[EL Fine]: sql: 2016-06-07 22:02:51.234--ClientSession(47719432)--Connection(1055300312)--SELECT Row_Id, ALIAS, BIRTHDATE, CITYNAME, COUNTRY, DAYPHONE, ENDDATE, EVENINGPHONE, FIRSTNAME, LASTNAME, MEMOTEXT, MIDDLENAME, MOBILECARRIER, MOBILEPHONE, MSGDETAIL, MSGFOOTER, MSGHEADER, MSGOPTIONAL, PASSWORDCHANGETIME, POSTALCODE, PROFESSION, PROVINCENAME, SECURITYANSWER, SECURITYQUESTION, SSNNUMBER, STARTDATE, STATECODE, StatusId, STREETADDRESS, STREETADDRESS2, SUBSCRIBERID, TAXID, TIMEZONE, UpdtTime, UpdtUserId, USERPASSWORD, ZIPCODE4, ZIPCODE5, SenderDataRowId, EmailAddrRowId FROM subscriber_data WHERE (EmailAddrRowId = ?)
	bind => [1 parameter bound]
[EL Fine]: sql: 2016-06-07 22:02:51.234--ClientSession(47719432)--Connection(1055300312)--SELECT Row_Id, CREATETIME, DEFAULTRULENAME, FIRSTNAME, HITS, LASTNAME, LASTVISITTIME, MIDDLEINIT, PASSWORD, ROLE, SESSIONID, StatusId, UpdtTime, UpdtUserId, USERID, SenderDataRowId, EmailAddrRowId FROM user_data WHERE (EmailAddrRowId = ?)
	bind => [1 parameter bound]
[EL Fine]: sql: 2016-06-07 22:02:51.235--ClientSession(47719432)--Connection(1055300312)--SELECT Row_Id, ALIAS, BIRTHDATE, CITYNAME, COUNTRY, DAYPHONE, ENDDATE, EVENINGPHONE, FIRSTNAME, LASTNAME, MEMOTEXT, MIDDLENAME, MOBILECARRIER, MOBILEPHONE, MSGDETAIL, MSGFOOTER, MSGHEADER, MSGOPTIONAL, PASSWORDCHANGETIME, POSTALCODE, PROFESSION, PROVINCENAME, SECURITYANSWER, SECURITYQUESTION, SSNNUMBER, STARTDATE, STATECODE, StatusId, STREETADDRESS, STREETADDRESS2, SUBSCRIBERID, TAXID, TIMEZONE, UpdtTime, UpdtUserId, USERPASSWORD, ZIPCODE4, ZIPCODE5, SenderDataRowId, EmailAddrRowId FROM subscriber_data WHERE (EmailAddrRowId = ?)
	bind => [1 parameter bound]
[EL Fine]: sql: 2016-06-07 22:02:51.235--ClientSession(47719432)--Connection(1055300312)--SELECT Row_Id, CREATETIME, DEFAULTRULENAME, FIRSTNAME, HITS, LASTNAME, LASTVISITTIME, MIDDLEINIT, PASSWORD, ROLE, SESSIONID, StatusId, UpdtTime, UpdtUserId, USERID, SenderDataRowId, EmailAddrRowId FROM user_data WHERE (EmailAddrRowId = ?)
	bind => [1 parameter bound]
[EL Fine]: sql: 2016-06-07 22:02:51.241--ClientSession(47719432)--Connection(1055300312)--select t.* from Email_Address t where t.address REGEXP '^testuser' 
[EL Fine]: sql: 2016-06-07 22:02:51.243--ClientSession(47719432)--Connection(1055300312)--select a.*,  sum(b.SentCount) as sentCount, sum(b.OpenCount) as openCount, sum(b.ClickCount) as clickCount from Email_Address a  LEFT OUTER JOIN Subscription b on a.Row_Id = b.EmailAddrRowId  where a.address = ? group by  a.Row_Id,  a.Address,  a.statusChangeTime,  a.statusChangeUserId,  a.bounceCount,  a.StatusId,  a.lastBounceTime,  a.lastSentTime,  a.lastRcptTime,  a.isAcceptHtml,  a.origAddress,  a.UpdtUserid,  a.UpdtTime 
	bind => [1 parameter bound]
[EL Fine]: sql: 2016-06-07 22:02:51.247--ClientSession(47719432)--Connection(1055300312)--SELECT min(e.Row_Id)  FROM Email_Address e, Subscriber_Data c  where e.Row_Id = c.emailAddrRowId 
[EL Fine]: sql: 2016-06-07 22:02:51.248--ClientSession(47719432)--Connection(1055300312)--select a.*,  sum(b.SentCount) as sentCount,  sum(b.OpenCount) as openCount,  sum(b.ClickCount) as clickCount from Email_Address a  LEFT OUTER JOIN Subscription b on a.Row_Id = b.EmailAddrRowId  where  a.StatusId = ?  and  a.OrigAddress LIKE ? group by  a.Row_Id,  a.Address,  a.statusChangeTime,  a.statusChangeUserId,  a.bounceCount,  a.StatusId,  a.lastBounceTime,  a.lastSentTime,  a.lastRcptTime,  a.isAcceptHtml,  a.origAddress,  a.UpdtUserid,  a.UpdtTime  order by a.Address asc
	bind => [2 parameters bound]
[EL Fine]: sql: 2016-06-07 22:02:51.252--ClientSession(47719432)--Connection(1055300312)--SELECT Row_Id, AllowOverride, IsRequired, StatusId, VariableFormat, VariableType, VariableValue, StartTime, VariableName, SenderDataRowId FROM sender_variable WHERE (SenderDataRowId = ?)
	bind => [1 parameter bound]
[EL Fine]: sql: 2016-06-07 22:02:51.256--ClientSession(47719432)--Connection(1055300312)--SELECT Row_Id, ALIAS, BIRTHDATE, CITYNAME, COUNTRY, DAYPHONE, ENDDATE, EVENINGPHONE, FIRSTNAME, LASTNAME, MEMOTEXT, MIDDLENAME, MOBILECARRIER, MOBILEPHONE, MSGDETAIL, MSGFOOTER, MSGHEADER, MSGOPTIONAL, PASSWORDCHANGETIME, POSTALCODE, PROFESSION, PROVINCENAME, SECURITYANSWER, SECURITYQUESTION, SSNNUMBER, STARTDATE, STATECODE, StatusId, STREETADDRESS, STREETADDRESS2, SUBSCRIBERID, TAXID, TIMEZONE, UpdtTime, UpdtUserId, USERPASSWORD, ZIPCODE4, ZIPCODE5, SenderDataRowId, EmailAddrRowId FROM subscriber_data WHERE (SenderDataRowId = ?)
	bind => [1 parameter bound]
[EL Fine]: sql: 2016-06-07 22:02:51.258--ClientSession(47719432)--Connection(1055300312)--SELECT Row_Id, CREATETIME, DEFAULTRULENAME, FIRSTNAME, HITS, LASTNAME, LASTVISITTIME, MIDDLEINIT, PASSWORD, ROLE, SESSIONID, StatusId, UpdtTime, UpdtUserId, USERID, SenderDataRowId, EmailAddrRowId FROM user_data WHERE (SenderDataRowId = ?)
	bind => [1 parameter bound]
[EL Fine]: sql: 2016-06-07 22:02:51.263--ClientSession(47719432)--Connection(1055300312)--select count(*) from Email_Address a  where  a.StatusId = ?  and  a.OrigAddress LIKE ? 
	bind => [2 parameters bound]
[EL Fine]: sql: 2016-06-07 22:02:51.269--ClientSession(47719432)--Connection(1055300312)--UPDATE email_address SET UpdtUserId = ? WHERE (Row_Id = ?)
	bind => [2 parameters bound]
[EL Fine]: sql: 2016-06-07 22:02:51.281--ClientSession(47719432)--Connection(1055300312)--SELECT Row_Id, ALIAS, BIRTHDATE, CITYNAME, COUNTRY, DAYPHONE, ENDDATE, EVENINGPHONE, FIRSTNAME, LASTNAME, MEMOTEXT, MIDDLENAME, MOBILECARRIER, MOBILEPHONE, MSGDETAIL, MSGFOOTER, MSGHEADER, MSGOPTIONAL, PASSWORDCHANGETIME, POSTALCODE, PROFESSION, PROVINCENAME, SECURITYANSWER, SECURITYQUESTION, SSNNUMBER, STARTDATE, STATECODE, StatusId, STREETADDRESS, STREETADDRESS2, SUBSCRIBERID, TAXID, TIMEZONE, UpdtTime, UpdtUserId, USERPASSWORD, ZIPCODE4, ZIPCODE5, SenderDataRowId, EmailAddrRowId FROM subscriber_data
[EL Fine]: sql: 2016-06-07 22:02:51.306--ClientSession(47719432)--Connection(1055300312)--INSERT INTO email_address (ADDRESS, BOUNCECOUNT, ISACCEPTHTML, LASTBOUNCETIME, LASTRCPTTIME, LASTSENTTIME, ORIGADDRESS, STATUSCHANGETIME, STATUSCHANGEUSERID, StatusId, UpdtTime, UpdtUserId) VALUES (?, ?, ?, ?, ?, ?, ?, ?, ?, ?, ?, ?)
	bind => [12 parameters bound]
[EL Fine]: sql: 2016-06-07 22:02:51.307--ClientSession(47719432)--Connection(1055300312)--SELECT LAST_INSERT_ID()
[EL Fine]: sql: 2016-06-07 22:02:51.308--ClientSession(47719432)--Connection(1055300312)--UPDATE email_address SET BOUNCECOUNT = ? WHERE (Row_Id = ?)
	bind => [2 parameters bound]
[EL Fine]: sql: 2016-06-07 22:02:51.309--ClientSession(47719432)--Connection(1055300312)--UPDATE email_address SET BOUNCECOUNT = ? WHERE (Row_Id = ?)
	bind => [2 parameters bound]
[EL Fine]: sql: 2016-06-07 22:02:51.311--ClientSession(47719432)--Connection(1055300312)--UPDATE email_address SET BOUNCECOUNT = ? WHERE (Row_Id = ?)
	bind => [2 parameters bound]
[EL Fine]: sql: 2016-06-07 22:02:51.312--ClientSession(47719432)--Connection(1055300312)--UPDATE email_address SET BOUNCECOUNT = ? WHERE (Row_Id = ?)
	bind => [2 parameters bound]
[EL Fine]: sql: 2016-06-07 22:02:51.313--ClientSession(47719432)--Connection(1055300312)--UPDATE email_address SET BOUNCECOUNT = ?, STATUSCHANGETIME = ?, STATUSCHANGEUSERID = ?, StatusId = ? WHERE (Row_Id = ?)
	bind => [5 parameters bound]
[EL Fine]: sql: 2016-06-07 22:02:51.316--ClientSession(47719432)--Connection(1055300312)--SELECT Row_Id, ADDRESS, BOUNCECOUNT, ISACCEPTHTML, LASTBOUNCETIME, LASTRCPTTIME, LASTSENTTIME, ORIGADDRESS, STATUSCHANGETIME, STATUSCHANGEUSERID, StatusId, UpdtTime, UpdtUserId FROM email_address WHERE (ADDRESS = ?)
	bind => [1 parameter bound]
[EL Fine]: sql: 2016-06-07 22:02:51.32--ClientSession(47719432)--Connection(1055300312)--SELECT Row_Id, ADDRESS, BOUNCECOUNT, ISACCEPTHTML, LASTBOUNCETIME, LASTRCPTTIME, LASTSENTTIME, ORIGADDRESS, STATUSCHANGETIME, STATUSCHANGEUSERID, StatusId, UpdtTime, UpdtUserId FROM email_address WHERE (ADDRESS = ?)
	bind => [1 parameter bound]
[EL Fine]: sql: 2016-06-07 22:02:51.322--ClientSession(47719432)--Connection(1055300312)--INSERT INTO email_address (ADDRESS, BOUNCECOUNT, ISACCEPTHTML, LASTBOUNCETIME, LASTRCPTTIME, LASTSENTTIME, ORIGADDRESS, STATUSCHANGETIME, STATUSCHANGEUSERID, StatusId, UpdtTime, UpdtUserId) VALUES (?, ?, ?, ?, ?, ?, ?, ?, ?, ?, ?, ?)
	bind => [12 parameters bound]
[EL Fine]: sql: 2016-06-07 22:02:51.323--ClientSession(47719432)--Connection(1055300312)--SELECT LAST_INSERT_ID()
[EL Fine]: sql: 2016-06-07 22:02:51.325--ClientSession(47719432)--Connection(1055300312)--UPDATE email_address SET LASTSENTTIME = CURRENT_TIMESTAMP WHERE (Row_Id = ?)
	bind => [1 parameter bound]
[EL Fine]: sql: 2016-06-07 22:02:51.327--ClientSession(47719432)--Connection(1055300312)--SELECT Row_Id, ADDRESS, BOUNCECOUNT, ISACCEPTHTML, LASTBOUNCETIME, LASTRCPTTIME, LASTSENTTIME, ORIGADDRESS, STATUSCHANGETIME, STATUSCHANGEUSERID, StatusId, UpdtTime, UpdtUserId FROM email_address WHERE (ADDRESS = ?)
	bind => [1 parameter bound]
[EL Fine]: sql: 2016-06-07 22:02:51.328--ClientSession(47719432)--Connection(1055300312)--INSERT INTO email_address (ADDRESS, BOUNCECOUNT, ISACCEPTHTML, LASTBOUNCETIME, LASTRCPTTIME, LASTSENTTIME, ORIGADDRESS, STATUSCHANGETIME, STATUSCHANGEUSERID, StatusId, UpdtTime, UpdtUserId) VALUES (?, ?, ?, ?, ?, ?, ?, ?, ?, ?, ?, ?)
	bind => [12 parameters bound]
[EL Fine]: sql: 2016-06-07 22:02:51.328--ClientSession(47719432)--Connection(1055300312)--SELECT LAST_INSERT_ID()
[EL Fine]: sql: 2016-06-07 22:02:51.331--ClientSession(47719432)--Connection(1055300312)--SELECT Row_Id FROM email_address WHERE (Row_Id = ?)
	bind => [1 parameter bound]
[EL Fine]: sql: 2016-06-07 22:02:51.332--ClientSession(47719432)--Connection(1055300312)--DELETE FROM email_address WHERE (Row_Id = ?)
	bind => [1 parameter bound]
[EL Fine]: sql: 2016-06-07 22:02:51.333--ClientSession(47719432)--Connection(1055300312)--SELECT Row_Id, ADDRESS, BOUNCECOUNT, ISACCEPTHTML, LASTBOUNCETIME, LASTRCPTTIME, LASTSENTTIME, ORIGADDRESS, STATUSCHANGETIME, STATUSCHANGEUSERID, StatusId, UpdtTime, UpdtUserId FROM email_address WHERE (ADDRESS = ?)
	bind => [1 parameter bound]
[EL Fine]: sql: 2016-06-07 22:02:51.335--ClientSession(47719432)--Connection(1055300312)--SELECT Row_Id FROM email_address WHERE (Row_Id = ?)
	bind => [1 parameter bound]
[EL Fine]: sql: 2016-06-07 22:02:51.335--ClientSession(47719432)--Connection(1055300312)--DELETE FROM email_address WHERE (Row_Id = ?)
	bind => [1 parameter bound]
[EL Fine]: sql: 2016-06-07 22:02:51.336--ClientSession(47719432)--Connection(1055300312)--SELECT Row_Id, ADDRESS, BOUNCECOUNT, ISACCEPTHTML, LASTBOUNCETIME, LASTRCPTTIME, LASTSENTTIME, ORIGADDRESS, STATUSCHANGETIME, STATUSCHANGEUSERID, StatusId, UpdtTime, UpdtUserId FROM email_address WHERE (Row_Id = ?)
	bind => [1 parameter bound]
