[EL Info]: 2016-06-07 16:33:32.302--ServerSession(366098173)--EclipseLink, version: Eclipse Persistence Services - 2.6.3.v20160428-59c81c5
[EL Warning]: metadata: 2016-06-07 16:33:32.49--ServerSession(366098173)--Reverting the lazy setting on the OneToOne or ManyToOne attribute [messageInbox] for the entity class [class jpa.model.message.MessageStream] since weaving was not enabled or did not occur.
[EL Warning]: metadata: 2016-06-07 16:33:32.49--ServerSession(366098173)--Reverting the lazy setting on the OneToOne or ManyToOne attribute [senderData] for the entity class [class jpa.model.EmailTemplate] since weaving was not enabled or did not occur.
[EL Warning]: metadata: 2016-06-07 16:33:32.49--ServerSession(366098173)--Reverting the lazy setting on the OneToOne or ManyToOne attribute [mailingList] for the entity class [class jpa.model.EmailTemplate] since weaving was not enabled or did not occur.
[EL Warning]: metadata: 2016-06-07 16:33:32.49--ServerSession(366098173)--Reverting the lazy setting on the OneToOne or ManyToOne attribute [userData] for the entity class [class jpa.model.UserSession] since weaving was not enabled or did not occur.
[EL Warning]: metadata: 2016-06-07 16:33:32.49--ServerSession(366098173)--Reverting the lazy setting on the OneToOne or ManyToOne attribute [emailAddr] for the entity class [class jpa.model.Subscription] since weaving was not enabled or did not occur.
[EL Warning]: metadata: 2016-06-07 16:33:32.49--ServerSession(366098173)--Reverting the lazy setting on the OneToOne or ManyToOne attribute [mailingList] for the entity class [class jpa.model.Subscription] since weaving was not enabled or did not occur.
[EL Warning]: metadata: 2016-06-07 16:33:32.49--ServerSession(366098173)--Reverting the lazy setting on the OneToOne or ManyToOne attribute [messageStream] for the entity class [class jpa.model.message.MessageInbox] since weaving was not enabled or did not occur.
[EL Warning]: metadata: 2016-06-07 16:33:32.49--ServerSession(366098173)--Reverting the lazy setting on the OneToOne or ManyToOne attribute [messageUnsubComment] for the entity class [class jpa.model.message.MessageInbox] since weaving was not enabled or did not occur.
[EL Warning]: metadata: 2016-06-07 16:33:32.49--ServerSession(366098173)--Reverting the lazy setting on the OneToOne or ManyToOne attribute [senderData] for the entity class [class jpa.model.UserData] since weaving was not enabled or did not occur.
[EL Warning]: metadata: 2016-06-07 16:33:32.49--ServerSession(366098173)--Reverting the lazy setting on the OneToOne or ManyToOne attribute [emailAddr] for the entity class [class jpa.model.UserData] since weaving was not enabled or did not occur.
[EL Warning]: metadata: 2016-06-07 16:33:32.49--ServerSession(366098173)--Reverting the lazy setting on the OneToOne or ManyToOne attribute [senderData] for the entity class [class jpa.model.IdTokens] since weaving was not enabled or did not occur.
[EL Warning]: metadata: 2016-06-07 16:33:32.49--ServerSession(366098173)--Reverting the lazy setting on the OneToOne or ManyToOne attribute [messageInbox] for the entity class [class jpa.model.message.MessageUnsubComment] since weaving was not enabled or did not occur.
[EL Warning]: metadata: 2016-06-07 16:33:32.49--ServerSession(366098173)--Reverting the lazy setting on the OneToOne or ManyToOne attribute [userData] for the entity class [class jpa.model.SessionUpload] since weaving was not enabled or did not occur.
[EL Warning]: metadata: 2016-06-07 16:33:32.49--ServerSession(366098173)--Reverting the lazy setting on the OneToOne or ManyToOne attribute [ruleDataType] for the entity class [class jpa.model.rule.RuleActionDetail] since weaving was not enabled or did not occur.
[EL Warning]: metadata: 2016-06-07 16:33:32.49--ServerSession(366098173)--Reverting the lazy setting on the OneToOne or ManyToOne attribute [userData] for the entity class [class jpa.model.EmailAddress] since weaving was not enabled or did not occur.
[EL Warning]: metadata: 2016-06-07 16:33:32.49--ServerSession(366098173)--Reverting the lazy setting on the OneToOne or ManyToOne attribute [subscriberData] for the entity class [class jpa.model.EmailAddress] since weaving was not enabled or did not occur.
[EL Warning]: metadata: 2016-06-07 16:33:32.49--ServerSession(366098173)--Reverting the lazy setting on the OneToOne or ManyToOne attribute [emailAddress] for the entity class [class jpa.model.UnsubComment] since weaving was not enabled or did not occur.
[EL Warning]: metadata: 2016-06-07 16:33:32.49--ServerSession(366098173)--Reverting the lazy setting on the OneToOne or ManyToOne attribute [mailingList] for the entity class [class jpa.model.UnsubComment] since weaving was not enabled or did not occur.
[EL Warning]: metadata: 2016-06-07 16:33:32.49--ServerSession(366098173)--Reverting the lazy setting on the OneToOne or ManyToOne attribute [senderData] for the entity class [class jpa.model.SubscriberData] since weaving was not enabled or did not occur.
[EL Warning]: metadata: 2016-06-07 16:33:32.49--ServerSession(366098173)--Reverting the lazy setting on the OneToOne or ManyToOne attribute [emailAddr] for the entity class [class jpa.model.SubscriberData] since weaving was not enabled or did not occur.
[EL Warning]: metadata: 2016-06-07 16:33:32.49--ServerSession(366098173)--Reverting the lazy setting on the OneToOne or ManyToOne attribute [emailTemplate] for the entity class [class jpa.model.BroadcastMessage] since weaving was not enabled or did not occur.
[EL Warning]: metadata: 2016-06-07 16:33:32.49--ServerSession(366098173)--Reverting the lazy setting on the OneToOne or ManyToOne attribute [mailingList] for the entity class [class jpa.model.BroadcastMessage] since weaving was not enabled or did not occur.
[EL Warning]: metadata: 2016-06-07 16:33:32.49--ServerSession(366098173)--Reverting the lazy setting on the OneToOne or ManyToOne attribute [idTokens] for the entity class [class jpa.model.SenderData] since weaving was not enabled or did not occur.
[EL Warning]: metadata: 2016-06-07 16:33:32.49--ServerSession(366098173)--Reverting the lazy setting on the OneToOne or ManyToOne attribute [emailAddress] for the entity class [class jpa.model.BroadcastTracking] since weaving was not enabled or did not occur.
[EL Warning]: metadata: 2016-06-07 16:33:32.49--ServerSession(366098173)--Reverting the lazy setting on the OneToOne or ManyToOne attribute [broadcastMessage] for the entity class [class jpa.model.BroadcastTracking] since weaving was not enabled or did not occur.
[EL Warning]: metadata: 2016-06-07 16:33:32.49--ServerSession(366098173)--Reverting the lazy setting on the OneToOne or ManyToOne attribute [messageInbox] for the entity class [class jpa.model.message.MessageAddress] since weaving was not enabled or did not occur.
[EL Warning]: metadata: 2016-06-07 16:33:32.49--ServerSession(366098173)--Reverting the lazy setting on the OneToOne or ManyToOne attribute [templateData] for the entity class [class jpa.model.message.MessageSource] since weaving was not enabled or did not occur.
[EL Warning]: metadata: 2016-06-07 16:33:32.49--ServerSession(366098173)--Reverting the lazy setting on the OneToOne or ManyToOne attribute [replyToAddress] for the entity class [class jpa.model.message.MessageSource] since weaving was not enabled or did not occur.
[EL Warning]: metadata: 2016-06-07 16:33:32.49--ServerSession(366098173)--Reverting the lazy setting on the OneToOne or ManyToOne attribute [fromAddress] for the entity class [class jpa.model.message.MessageSource] since weaving was not enabled or did not occur.
[EL Warning]: metadata: 2016-06-07 16:33:32.506--ServerSession(366098173)--Reverting the lazy setting on the OneToOne or ManyToOne attribute [ruleLogic] for the entity class [class jpa.model.rule.RuleSubruleMapPK] since weaving was not enabled or did not occur.
[EL Warning]: metadata: 2016-06-07 16:33:32.506--ServerSession(366098173)--Reverting the lazy setting on the OneToOne or ManyToOne attribute [subruleLogic] for the entity class [class jpa.model.rule.RuleSubruleMapPK] since weaving was not enabled or did not occur.
[EL Warning]: metadata: 2016-06-07 16:33:32.506--ServerSession(366098173)--Reverting the lazy setting on the OneToOne or ManyToOne attribute [ruleLogic] for the entity class [class jpa.model.rule.RuleElementPK] since weaving was not enabled or did not occur.
[EL Warning]: metadata: 2016-06-07 16:33:32.506--ServerSession(366098173)--Reverting the lazy setting on the OneToOne or ManyToOne attribute [messageInbox] for the entity class [class jpa.model.message.MessageActionLogPK] since weaving was not enabled or did not occur.
[EL Warning]: metadata: 2016-06-07 16:33:32.506--ServerSession(366098173)--Reverting the lazy setting on the OneToOne or ManyToOne attribute [ruleDataType] for the entity class [class jpa.model.rule.RuleDataValuePK] since weaving was not enabled or did not occur.
[EL Warning]: metadata: 2016-06-07 16:33:32.506--ServerSession(366098173)--Reverting the lazy setting on the OneToOne or ManyToOne attribute [messageInbox] for the entity class [class jpa.model.message.MessageRfcFieldPK] since weaving was not enabled or did not occur.
[EL Warning]: metadata: 2016-06-07 16:33:32.506--ServerSession(366098173)--Reverting the lazy setting on the OneToOne or ManyToOne attribute [messageInbox] for the entity class [class jpa.model.message.MessageHeaderPK] since weaving was not enabled or did not occur.
[EL Warning]: metadata: 2016-06-07 16:33:32.506--ServerSession(366098173)--Reverting the lazy setting on the OneToOne or ManyToOne attribute [messageInbox] for the entity class [class jpa.model.message.MessageDeliveryStatusPK] since weaving was not enabled or did not occur.
[EL Warning]: metadata: 2016-06-07 16:33:32.506--ServerSession(366098173)--Reverting the lazy setting on the OneToOne or ManyToOne attribute [senderData] for the entity class [class jpa.model.SenderVariablePK] since weaving was not enabled or did not occur.
[EL Warning]: metadata: 2016-06-07 16:33:32.506--ServerSession(366098173)--Reverting the lazy setting on the OneToOne or ManyToOne attribute [senderData] for the entity class [class jpa.model.message.TemplateDataPK] since weaving was not enabled or did not occur.
[EL Warning]: metadata: 2016-06-07 16:33:32.506--ServerSession(366098173)--Reverting the lazy setting on the OneToOne or ManyToOne attribute [messageRendered] for the entity class [class jpa.model.message.RenderVariablePK] since weaving was not enabled or did not occur.
[EL Warning]: metadata: 2016-06-07 16:33:32.506--ServerSession(366098173)--Reverting the lazy setting on the OneToOne or ManyToOne attribute [senderData] for the entity class [class jpa.model.message.TemplateVariablePK] since weaving was not enabled or did not occur.
[EL Warning]: metadata: 2016-06-07 16:33:32.506--ServerSession(366098173)--Reverting the lazy setting on the OneToOne or ManyToOne attribute [senderData] for the entity class [class jpa.model.rule.RuleActionPK] since weaving was not enabled or did not occur.
[EL Warning]: metadata: 2016-06-07 16:33:32.506--ServerSession(366098173)--Reverting the lazy setting on the OneToOne or ManyToOne attribute [ruleLogic] for the entity class [class jpa.model.rule.RuleActionPK] since weaving was not enabled or did not occur.
[EL Warning]: metadata: 2016-06-07 16:33:32.506--ServerSession(366098173)--Reverting the lazy setting on the OneToOne or ManyToOne attribute [messageInbox] for the entity class [class jpa.model.message.MessageAttachmentPK] since weaving was not enabled or did not occur.
[EL Warning]: metadata: 2016-06-07 16:33:32.521--ServerSession(366098173)--Reverting the lazy setting on the OneToOne or ManyToOne attribute [messageRendered] for the entity class [class jpa.model.message.RenderAttachmentPK] since weaving was not enabled or did not occur.
[EL Info]: connection: 2016-06-07 16:33:32.521--ServerSession(366098173)--/file:/D:/pkgs_as71/git/jboss_migration/MessageStore/target/classes_MessageDB login successful
[EL Fine]: sql: 2016-06-07 16:33:32.849--ServerSession(366098173)--Connection(1576422186)--SELECT Row_Id, CARRIERCODE, DESCRIPTION, FOLDERNAME, ISALERTDUPLICATE, ISCHECKDUPLICATE, ISINTERNALONLY, ISLOGDUPLICATE, ISTOPLAINTEXT, ISUSESSL, MAXIMUMRETRIES, MESSAGECOUNT, MINIMUMWAIT, NUMBEROFTHREADS, PORTNUMBER, PROTOCOL, PURGEDUPSAFTER, READPERPASS, SERVERTYPE, StatusId, TOADDRESSDOMAIN, UpdtTime, UpdtUserId, USERPSWD, HOSTNAME, USERID FROM mail_inbox WHERE (StatusId = ?)
	bind => [1 parameter bound]
[EL Fine]: sql: 2016-06-07 16:33:32.896--ServerSession(366098173)--Connection(74783955)--SELECT Row_Id, BODYTEXT, DELIVERYOPTION, ISBUILTIN, ISEMBEDEMAILID, ISHTML, LISTTYPE, SCHEDULESBLOB, SELECTCRITERIA, StatusId, SUBJECT, TEMPLATEID, UpdtTime, UpdtUserId, MailingListRowId, SenderDataRowId FROM email_template
[EL Fine]: sql: 2016-06-07 16:33:32.928--ServerSession(366098173)--Connection(2002232191)--SELECT Row_Id, ACCTUSERNAME, CREATETIME, DESCRIPTION, DISPLAYNAME, ISBUILTIN, ISSENDTEXT, LISTID, LISTMASTEREMAILADDR, StatusId, UpdtTime, UpdtUserId, SenderDataRowId FROM mailing_list WHERE (Row_Id = ?)
	bind => [1 parameter bound]
[EL Fine]: sql: 2016-06-07 16:33:32.928--ServerSession(366098173)--Connection(8933868)--SELECT Row_Id, CHARSPHNDLREMAIL, CONTACTNAME, CONTACTPHONE, DOMAINNAME, IRSTAXID, ISDIKM, ISDOMAINKEY, ISEMBEDEMAILID, ISSAVERAWMSG, ISSPF, ISUSETESTADDR, ISVERPENABLED, KEYFILEPATH, RETURNPATHLEFT, RMADEPTEMAIL, SECURITYEMAIL, SenderId, SENDERNAME, SENDERTYPE, SPAMCNTRLEMAIL, StatusId, SUBRCAREEMAIL, SYSTEMID, SYSTEMKEY, TESTFROMADDR, TESTREPLYTOADDR, TESTTOADDR, UpdtTime, UpdtUserId, VERPINBOXNAME, VERPREMOVEINBOX, VERPSUBDOMAIN, VIRUSCNTRLEMAIL, WEBSITEURL FROM sender_data WHERE (Row_Id = ?)
	bind => [1 parameter bound]
[EL Fine]: sql: 2016-06-07 16:33:32.928--ServerSession(366098173)--Connection(1144714132)--SELECT Row_Id, BODYBEGINTOKEN, BODYENDTOKEN, DESCRIPTION, MAXLENGTH, StatusId, UpdtTime, UpdtUserId, XHDRBEGINTOKEN, XHDRENDTOKEN, XHEADERNAME, SenderDataRowId FROM id_tokens WHERE (SenderDataRowId = ?)
	bind => [1 parameter bound]
[EL Fine]: sql: 2016-06-07 16:33:32.959--ServerSession(366098173)--Connection(642086628)--SELECT Row_Id, ACCTUSERNAME, CREATETIME, DESCRIPTION, DISPLAYNAME, ISBUILTIN, ISSENDTEXT, LISTID, LISTMASTEREMAILADDR, StatusId, UpdtTime, UpdtUserId, SenderDataRowId FROM mailing_list WHERE (Row_Id = ?)
	bind => [1 parameter bound]
[EL Fine]: sql: 2016-06-07 16:33:32.974--ServerSession(366098173)--Connection(1807780471)--SELECT Row_Id, ACCTUSERNAME, CREATETIME, DESCRIPTION, DISPLAYNAME, ISBUILTIN, ISSENDTEXT, LISTID, LISTMASTEREMAILADDR, StatusId, UpdtTime, UpdtUserId, SenderDataRowId FROM mailing_list WHERE (Row_Id = ?)
	bind => [1 parameter bound]
[EL Fine]: sql: 2016-06-07 16:33:34.099--ServerSession(366098173)--Connection(513512429)--SELECT Row_Id, ALIAS, BIRTHDATE, CITYNAME, COUNTRY, DAYPHONE, ENDDATE, EVENINGPHONE, FIRSTNAME, LASTNAME, MEMOTEXT, MIDDLENAME, MOBILECARRIER, MOBILEPHONE, MSGDETAIL, MSGFOOTER, MSGHEADER, MSGOPTIONAL, PASSWORDCHANGETIME, POSTALCODE, PROFESSION, PROVINCENAME, SECURITYANSWER, SECURITYQUESTION, SSNNUMBER, STARTDATE, STATECODE, StatusId, STREETADDRESS, STREETADDRESS2, SUBSCRIBERID, TAXID, TIMEZONE, UpdtTime, UpdtUserId, USERPASSWORD, ZIPCODE4, ZIPCODE5, SenderDataRowId, EmailAddrRowId FROM subscriber_data WHERE (SUBSCRIBERID = ?)
	bind => [1 parameter bound]
[EL Fine]: sql: 2016-06-07 16:33:34.115--ServerSession(366098173)--Connection(1533544826)--SELECT Row_Id, ALIAS, BIRTHDATE, CITYNAME, COUNTRY, DAYPHONE, ENDDATE, EVENINGPHONE, FIRSTNAME, LASTNAME, MEMOTEXT, MIDDLENAME, MOBILECARRIER, MOBILEPHONE, MSGDETAIL, MSGFOOTER, MSGHEADER, MSGOPTIONAL, PASSWORDCHANGETIME, POSTALCODE, PROFESSION, PROVINCENAME, SECURITYANSWER, SECURITYQUESTION, SSNNUMBER, STARTDATE, STATECODE, StatusId, STREETADDRESS, STREETADDRESS2, SUBSCRIBERID, TAXID, TIMEZONE, UpdtTime, UpdtUserId, USERPASSWORD, ZIPCODE4, ZIPCODE5, SenderDataRowId, EmailAddrRowId FROM subscriber_data
[EL Fine]: sql: 2016-06-07 16:33:34.115--ServerSession(366098173)--Connection(422135638)--SELECT Row_Id, ADDRESS, BOUNCECOUNT, ISACCEPTHTML, LASTBOUNCETIME, LASTRCPTTIME, LASTSENTTIME, ORIGADDRESS, STATUSCHANGETIME, STATUSCHANGEUSERID, StatusId, UpdtTime, UpdtUserId FROM email_address WHERE (Row_Id = ?)
	bind => [1 parameter bound]
[EL Fine]: sql: 2016-06-07 16:33:34.115--ServerSession(366098173)--Connection(1483669945)--SELECT Row_Id, ALIAS, BIRTHDATE, CITYNAME, COUNTRY, DAYPHONE, ENDDATE, EVENINGPHONE, FIRSTNAME, LASTNAME, MEMOTEXT, MIDDLENAME, MOBILECARRIER, MOBILEPHONE, MSGDETAIL, MSGFOOTER, MSGHEADER, MSGOPTIONAL, PASSWORDCHANGETIME, POSTALCODE, PROFESSION, PROVINCENAME, SECURITYANSWER, SECURITYQUESTION, SSNNUMBER, STARTDATE, STATECODE, StatusId, STREETADDRESS, STREETADDRESS2, SUBSCRIBERID, TAXID, TIMEZONE, UpdtTime, UpdtUserId, USERPASSWORD, ZIPCODE4, ZIPCODE5, SenderDataRowId, EmailAddrRowId FROM subscriber_data WHERE (EmailAddrRowId = ?)
	bind => [1 parameter bound]
[EL Fine]: sql: 2016-06-07 16:33:34.115--ServerSession(366098173)--Connection(877739820)--SELECT Row_Id, CREATETIME, DEFAULTRULENAME, FIRSTNAME, HITS, LASTNAME, LASTVISITTIME, MIDDLEINIT, PASSWORD, ROLE, SESSIONID, StatusId, UpdtTime, UpdtUserId, USERID, SenderDataRowId, EmailAddrRowId FROM user_data WHERE (EmailAddrRowId = ?)
	bind => [1 parameter bound]
[EL Fine]: sql: 2016-06-07 16:33:34.131--ServerSession(366098173)--Connection(1477068915)--SELECT Row_Id, ALIAS, BIRTHDATE, CITYNAME, COUNTRY, DAYPHONE, ENDDATE, EVENINGPHONE, FIRSTNAME, LASTNAME, MEMOTEXT, MIDDLENAME, MOBILECARRIER, MOBILEPHONE, MSGDETAIL, MSGFOOTER, MSGHEADER, MSGOPTIONAL, PASSWORDCHANGETIME, POSTALCODE, PROFESSION, PROVINCENAME, SECURITYANSWER, SECURITYQUESTION, SSNNUMBER, STARTDATE, STATECODE, StatusId, STREETADDRESS, STREETADDRESS2, SUBSCRIBERID, TAXID, TIMEZONE, UpdtTime, UpdtUserId, USERPASSWORD, ZIPCODE4, ZIPCODE5, SenderDataRowId, EmailAddrRowId FROM subscriber_data WHERE (SUBSCRIBERID = ?)
	bind => [1 parameter bound]
[EL Fine]: sql: 2016-06-07 16:33:34.146--ClientSession(277759894)--Connection(669036251)--SELECT Row_Id, ADDRESS, BOUNCECOUNT, ISACCEPTHTML, LASTBOUNCETIME, LASTRCPTTIME, LASTSENTTIME, ORIGADDRESS, STATUSCHANGETIME, STATUSCHANGEUSERID, StatusId, UpdtTime, UpdtUserId FROM email_address WHERE (ADDRESS = ?)
	bind => [1 parameter bound]
[EL Fine]: sql: 2016-06-07 16:33:34.146--ServerSession(366098173)--Connection(192866094)--SELECT t1.Row_Id, t1.ALIAS, t1.BIRTHDATE, t1.CITYNAME, t1.COUNTRY, t1.DAYPHONE, t1.ENDDATE, t1.EVENINGPHONE, t1.FIRSTNAME, t1.LASTNAME, t1.MEMOTEXT, t1.MIDDLENAME, t1.MOBILECARRIER, t1.MOBILEPHONE, t1.MSGDETAIL, t1.MSGFOOTER, t1.MSGHEADER, t1.MSGOPTIONAL, t1.PASSWORDCHANGETIME, t1.POSTALCODE, t1.PROFESSION, t1.PROVINCENAME, t1.SECURITYANSWER, t1.SECURITYQUESTION, t1.SSNNUMBER, t1.STARTDATE, t1.STATECODE, t1.StatusId, t1.STREETADDRESS, t1.STREETADDRESS2, t1.SUBSCRIBERID, t1.TAXID, t1.TIMEZONE, t1.UpdtTime, t1.UpdtUserId, t1.USERPASSWORD, t1.ZIPCODE4, t1.ZIPCODE5, t1.SenderDataRowId, t1.EmailAddrRowId FROM email_address t0, subscriber_data t1 WHERE ((t0.Row_Id = t1.EmailAddrRowId) AND (t0.ADDRESS = ?))
	bind => [1 parameter bound]
[EL Fine]: sql: 2016-06-07 16:33:34.162--ServerSession(366098173)--Connection(871639601)--SELECT Row_Id, ALIAS, BIRTHDATE, CITYNAME, COUNTRY, DAYPHONE, ENDDATE, EVENINGPHONE, FIRSTNAME, LASTNAME, MEMOTEXT, MIDDLENAME, MOBILECARRIER, MOBILEPHONE, MSGDETAIL, MSGFOOTER, MSGHEADER, MSGOPTIONAL, PASSWORDCHANGETIME, POSTALCODE, PROFESSION, PROVINCENAME, SECURITYANSWER, SECURITYQUESTION, SSNNUMBER, STARTDATE, STATECODE, StatusId, STREETADDRESS, STREETADDRESS2, SUBSCRIBERID, TAXID, TIMEZONE, UpdtTime, UpdtUserId, USERPASSWORD, ZIPCODE4, ZIPCODE5, SenderDataRowId, EmailAddrRowId FROM subscriber_data
[EL Fine]: sql: 2016-06-07 16:33:34.177--ClientSession(792723112)--Connection(771071903)--SELECT Row_Id, ADDRESS, BOUNCECOUNT, ISACCEPTHTML, LASTBOUNCETIME, LASTRCPTTIME, LASTSENTTIME, ORIGADDRESS, STATUSCHANGETIME, STATUSCHANGEUSERID, StatusId, UpdtTime, UpdtUserId FROM email_address WHERE (ADDRESS = ?)
	bind => [1 parameter bound]
[EL Fine]: sql: 2016-06-07 16:33:34.177--ClientSession(792723112)--Connection(771071903)--SELECT Row_Id, ALIAS, BIRTHDATE, CITYNAME, COUNTRY, DAYPHONE, ENDDATE, EVENINGPHONE, FIRSTNAME, LASTNAME, MEMOTEXT, MIDDLENAME, MOBILECARRIER, MOBILEPHONE, MSGDETAIL, MSGFOOTER, MSGHEADER, MSGOPTIONAL, PASSWORDCHANGETIME, POSTALCODE, PROFESSION, PROVINCENAME, SECURITYANSWER, SECURITYQUESTION, SSNNUMBER, STARTDATE, STATECODE, StatusId, STREETADDRESS, STREETADDRESS2, SUBSCRIBERID, TAXID, TIMEZONE, UpdtTime, UpdtUserId, USERPASSWORD, ZIPCODE4, ZIPCODE5, SenderDataRowId, EmailAddrRowId FROM subscriber_data WHERE (EmailAddrRowId = ?)
	bind => [1 parameter bound]
[EL Fine]: sql: 2016-06-07 16:33:34.177--ClientSession(792723112)--Connection(771071903)--SELECT Row_Id, CREATETIME, DEFAULTRULENAME, FIRSTNAME, HITS, LASTNAME, LASTVISITTIME, MIDDLEINIT, PASSWORD, ROLE, SESSIONID, StatusId, UpdtTime, UpdtUserId, USERID, SenderDataRowId, EmailAddrRowId FROM user_data WHERE (EmailAddrRowId = ?)
	bind => [1 parameter bound]
[EL Fine]: sql: 2016-06-07 16:33:34.177--ClientSession(792723112)--Connection(771071903)--SELECT Row_Id, ACCTUSERNAME, CREATETIME, DESCRIPTION, DISPLAYNAME, ISBUILTIN, ISSENDTEXT, LISTID, LISTMASTEREMAILADDR, StatusId, UpdtTime, UpdtUserId, SenderDataRowId FROM mailing_list WHERE (LISTID = ?)
	bind => [1 parameter bound]
[EL Fine]: sql: 2016-06-07 16:33:34.193--ServerSession(366098173)--Connection(1051707374)--SELECT Row_Id, ALIAS, BIRTHDATE, CITYNAME, COUNTRY, DAYPHONE, ENDDATE, EVENINGPHONE, FIRSTNAME, LASTNAME, MEMOTEXT, MIDDLENAME, MOBILECARRIER, MOBILEPHONE, MSGDETAIL, MSGFOOTER, MSGHEADER, MSGOPTIONAL, PASSWORDCHANGETIME, POSTALCODE, PROFESSION, PROVINCENAME, SECURITYANSWER, SECURITYQUESTION, SSNNUMBER, STARTDATE, STATECODE, StatusId, STREETADDRESS, STREETADDRESS2, SUBSCRIBERID, TAXID, TIMEZONE, UpdtTime, UpdtUserId, USERPASSWORD, ZIPCODE4, ZIPCODE5, SenderDataRowId, EmailAddrRowId FROM subscriber_data
